--------------------------------------------------------------------------------
Release 10.1.03 Trace  (lin64)
Copyright (c) 1995-2008 Xilinx, Inc.  All rights reserved.

/afs/csail.mit.edu/proj/redsocs/Xilinx10.1/ISE/bin/lin64/unwrapped/trce -ise
/afs/athena.mit.edu/user/l/o/lolzhang/Desktop/6.111/finalproject/final.ise
-intstyle ise -v 3 -s 4 -xml blade blade.ncd -o blade.twr blade.pcf -ucf
labkit.ucf

Design file:              blade.ncd
Physical constraint file: blade.pcf
Device,package,speed:     xc2v6000,bf957,-4 (PRODUCTION 1.121 2008-07-25, STEPPING level 0)
Report level:             verbose report

Environment Variable      Effect 
--------------------      ------ 
NONE                      No environment variables were set
--------------------------------------------------------------------------------

INFO:Timing:2698 - No timing constraints found, doing default enumeration.
INFO:Timing:2752 - To get complete path coverage, use the unconstrained paths 
   option. All paths that are not constrained will be reported in the 
   unconstrained paths section(s) of the report.
INFO:Timing:3339 - The clock-to-out numbers in this timing report are based on 
   a 50 Ohm transmission line loading model.  For the details of this model, 
   and for more information on accounting for different loading conditions, 
   please see the device datasheet.



Data Sheet report:
-----------------
All values displayed in nanoseconds (ns)

Setup/Hold to clock clock_27mhz
------------+------------+------------+------------------+--------+
            |  Setup to  |  Hold to   |                  | Clock  |
Source      | clk (edge) | clk (edge) |Internal Clock(s) | Phase  |
------------+------------+------------+------------------+--------+
button_down |    1.232(R)|    0.700(R)|clock_65mhz       |   0.000|
button_enter|    0.961(R)|    1.594(R)|clock_65mhz       |   0.000|
button_left |    1.902(R)|    1.070(R)|clock_65mhz       |   0.000|
button_right|    0.489(R)|    1.781(R)|clock_65mhz       |   0.000|
button_up   |    2.199(R)|    0.564(R)|clock_65mhz       |   0.000|
switch<0>   |    4.425(R)|   -2.143(R)|clock_65mhz       |   0.000|
switch<1>   |    6.619(R)|   -4.437(R)|clock_65mhz       |   0.000|
------------+------------+------------+------------------+--------+

Clock clock_27mhz to Pad
----------------+------------+------------------+--------+
                | clk (edge) |                  | Clock  |
Destination     |   to PAD   |Internal Clock(s) | Phase  |
----------------+------------+------------------+--------+
led<2>          |   18.895(R)|clock_65mhz       |   0.000|
led<3>          |   17.390(R)|clock_65mhz       |   0.000|
led<4>          |   14.385(R)|clock_65mhz       |   0.000|
vga_out_blank_b |   12.858(R)|clock_65mhz       |   0.000|
vga_out_blue<0> |   13.620(R)|clock_65mhz       |   0.000|
vga_out_blue<1> |   13.932(R)|clock_65mhz       |   0.000|
vga_out_blue<2> |   13.592(R)|clock_65mhz       |   0.000|
vga_out_blue<3> |   13.966(R)|clock_65mhz       |   0.000|
vga_out_blue<4> |   13.635(R)|clock_65mhz       |   0.000|
vga_out_blue<5> |   13.932(R)|clock_65mhz       |   0.000|
vga_out_blue<6> |   15.761(R)|clock_65mhz       |   0.000|
vga_out_blue<7> |   16.060(R)|clock_65mhz       |   0.000|
vga_out_green<0>|   12.809(R)|clock_65mhz       |   0.000|
vga_out_green<1>|   14.992(R)|clock_65mhz       |   0.000|
vga_out_green<2>|   14.031(R)|clock_65mhz       |   0.000|
vga_out_green<3>|   13.424(R)|clock_65mhz       |   0.000|
vga_out_green<4>|   16.239(R)|clock_65mhz       |   0.000|
vga_out_green<5>|   15.941(R)|clock_65mhz       |   0.000|
vga_out_green<6>|   16.540(R)|clock_65mhz       |   0.000|
vga_out_green<7>|   14.996(R)|clock_65mhz       |   0.000|
vga_out_hsync   |   12.346(R)|clock_65mhz       |   0.000|
vga_out_red<0>  |   13.935(R)|clock_65mhz       |   0.000|
vga_out_red<1>  |   13.179(R)|clock_65mhz       |   0.000|
vga_out_red<2>  |   14.246(R)|clock_65mhz       |   0.000|
vga_out_red<3>  |   14.239(R)|clock_65mhz       |   0.000|
vga_out_red<4>  |   15.472(R)|clock_65mhz       |   0.000|
vga_out_red<5>  |   14.524(R)|clock_65mhz       |   0.000|
vga_out_red<6>  |   15.762(R)|clock_65mhz       |   0.000|
vga_out_red<7>  |   14.538(R)|clock_65mhz       |   0.000|
vga_out_vsync   |   13.200(R)|clock_65mhz       |   0.000|
----------------+------------+------------------+--------+

Clock to Setup on destination clock clock_27mhz
---------------+---------+---------+---------+---------+
               | Src:Rise| Src:Fall| Src:Rise| Src:Fall|
Source Clock   |Dest:Rise|Dest:Rise|Dest:Fall|Dest:Fall|
---------------+---------+---------+---------+---------+
clock_27mhz    |   23.426|         |         |         |
---------------+---------+---------+---------+---------+

Pad to Pad
---------------+-------------------+---------+
Source Pad     |Destination Pad    |  Delay  |
---------------+-------------------+---------+
clock_27mhz    |vga_out_pixel_clock|   11.446|
switch<0>      |led<0>             |    6.389|
switch<1>      |led<1>             |    6.840|
---------------+-------------------+---------+


Analysis completed Sun Nov 27 22:31:47 2016 
--------------------------------------------------------------------------------

Trace Settings:
-------------------------
Trace Settings 

Peak Memory Usage: 344 MB



